<?xml version="1.0" encoding="UTF-8"?>
<testng-results ignored="0" total="2" passed="1" failed="1" skipped="0">
  <reporter-output>
  </reporter-output>
  <suite started-at="2024-07-24T22:16:55 IST" name="Suite" finished-at="2024-07-24T22:17:01 IST" duration-ms="6559">
    <groups>
    </groups>
    <test started-at="2024-07-24T22:16:55 IST" name="Test" finished-at="2024-07-24T22:17:01 IST" duration-ms="6559">
      <class name="testcase.HomePageTest">
        <test-method is-config="true" signature="setUp(java.lang.String)[pri:0, instance:testcase.HomePageTest@36d585c]" started-at="2024-07-24T22:16:55 IST" name="setUp" finished-at="2024-07-24T22:16:59 IST" duration-ms="3743" status="PASS">
          <params>
            <param index="0">
              <value>
                <![CDATA[chrome]]>
              </value>
            </param>
          </params>
          <reporter-output>
          </reporter-output>
        </test-method> <!-- setUp -->
        <test-method signature="ProductList()[pri:0, instance:testcase.HomePageTest@36d585c]" started-at="2024-07-24T22:16:59 IST" name="ProductList" finished-at="2024-07-24T22:17:01 IST" duration-ms="2480" status="PASS">
          <reporter-output>
          </reporter-output>
        </test-method> <!-- ProductList -->
        <test-method is-config="true" signature="tearDown()[pri:0, instance:testcase.HomePageTest@36d585c]" started-at="2024-07-24T22:17:01 IST" name="tearDown" finished-at="2024-07-24T22:17:01 IST" duration-ms="280" status="PASS">
          <reporter-output>
          </reporter-output>
        </test-method> <!-- tearDown -->
      </class> <!-- testcase.HomePageTest -->
      <class name="testcase.LoginpageTest">
        <test-method is-config="true" signature="setUp(java.lang.String)[pri:0, instance:testcase.LoginpageTest@236e3f4e]" started-at="2024-07-24T22:16:55 IST" name="setUp" finished-at="2024-07-24T22:16:59 IST" duration-ms="3745" status="PASS">
          <params>
            <param index="0">
              <value>
                <![CDATA[chrome]]>
              </value>
            </param>
          </params>
          <reporter-output>
          </reporter-output>
        </test-method> <!-- setUp -->
        <test-method signature="login()[pri:0, instance:testcase.LoginpageTest@236e3f4e]" started-at="2024-07-24T22:16:59 IST" name="login" finished-at="2024-07-24T22:17:01 IST" duration-ms="2309" status="FAIL">
          <exception class="java.lang.AssertionError">
            <message>
              <![CDATA[Title is printed expected [true] but found [false]]]>
            </message>
            <full-stacktrace>
              <![CDATA[java.lang.AssertionError: Title is printed expected [true] but found [false]
at org.testng.Assert.fail(Assert.java:111)
at org.testng.Assert.failNotEquals(Assert.java:1578)
at org.testng.Assert.assertTrue(Assert.java:57)
at testcase.LoginpageTest.login(LoginpageTest.java:41)
at java.base/jdk.internal.reflect.DirectMethodHandleAccessor.invoke(DirectMethodHandleAccessor.java:103)
at java.base/java.lang.reflect.Method.invoke(Method.java:580)
at org.testng.internal.invokers.MethodInvocationHelper.invokeMethod(MethodInvocationHelper.java:141)
at org.testng.internal.invokers.TestInvoker.invokeMethod(TestInvoker.java:686)
at org.testng.internal.invokers.TestInvoker.invokeTestMethod(TestInvoker.java:230)
at org.testng.internal.invokers.MethodRunner.runInSequence(MethodRunner.java:63)
at org.testng.internal.invokers.TestInvoker$MethodInvocationAgent.invoke(TestInvoker.java:992)
at org.testng.internal.invokers.TestInvoker.invokeTestMethods(TestInvoker.java:203)
at org.testng.internal.invokers.TestMethodWorker.invokeTestMethods(TestMethodWorker.java:154)
at org.testng.internal.invokers.TestMethodWorker.run(TestMethodWorker.java:134)
at java.base/java.util.concurrent.Executors$RunnableAdapter.call(Executors.java:572)
at java.base/java.util.concurrent.FutureTask.run(FutureTask.java:317)
at org.testng.internal.thread.graph.TestNGFutureTask.run(TestNGFutureTask.java:22)
at java.base/java.util.concurrent.ThreadPoolExecutor.runWorker(ThreadPoolExecutor.java:1144)
at java.base/java.util.concurrent.ThreadPoolExecutor$Worker.run(ThreadPoolExecutor.java:642)
at java.base/java.lang.Thread.run(Thread.java:1583)
]]>
            </full-stacktrace>
          </exception> <!-- java.lang.AssertionError -->
          <reporter-output>
          </reporter-output>
        </test-method> <!-- login -->
        <test-method is-config="true" signature="tearDown()[pri:0, instance:testcase.LoginpageTest@236e3f4e]" started-at="2024-07-24T22:17:01 IST" name="tearDown" finished-at="2024-07-24T22:17:01 IST" duration-ms="284" status="PASS">
          <reporter-output>
          </reporter-output>
        </test-method> <!-- tearDown -->
      </class> <!-- testcase.LoginpageTest -->
    </test> <!-- Test -->
  </suite> <!-- Suite -->
</testng-results>
